<?xml version="1.0" encoding="UTF-8"?>
<!-- Generated by org.testng.reporters.JUnitXMLReporter -->
<testsuite hostname="SWT-LTOP-208" ignored="0" name="Test" tests="5" failures="0" timestamp="2022-07-07T12:57:45 IST" time="11.372" errors="0">
  <testcase name="homePageTitleTest" time="0.02" classname="com.qa.opencart.tests.HomePageTest"/>
  <testcase name="homePageURLTest" time="0.001" classname="com.qa.opencart.tests.HomePageTest"/>
  <testcase name="searchTest" time="0.782" classname="com.qa.opencart.tests.HomePageTest"/>
  <testcase name="searchTest" time="0.842" classname="com.qa.opencart.tests.HomePageTest"/>
  <testcase name="searchTest" time="0.689" classname="com.qa.opencart.tests.HomePageTest"/>
</testsuite> <!-- Test -->
