<?xml version="1.0" encoding="UTF-8"?>
<!-- Generated by org.testng.reporters.JUnitXMLReporter -->
<testsuite hostname="SWT-LTOP-208" ignored="0" name="Default test" tests="5" failures="0" timestamp="2022-07-07T12:52:59 IST" time="37.01" errors="0">
  <testcase name="homePageTitleTest" time="0.018" classname="com.qa.opencart.tests.HomePageTest"/>
  <testcase name="homePageURLTest" time="0.001" classname="com.qa.opencart.tests.HomePageTest"/>
  <testcase name="searchTest" time="0.811" classname="com.qa.opencart.tests.HomePageTest"/>
  <testcase name="searchTest" time="0.958" classname="com.qa.opencart.tests.HomePageTest"/>
  <testcase name="searchTest" time="0.744" classname="com.qa.opencart.tests.HomePageTest"/>
</testsuite> <!-- Default test -->
